Start testing: Apr 21 13:43 EDT
----------------------------------------------------------
1/7 Testing: test_hasher
1/7 Test: test_hasher
Command: "/mnt/c/Code/Music-Version-Control/build-coverage/test_hasher"
Directory: /mnt/c/Code/Music-Version-Control/build-coverage
"test_hasher" start time: Apr 21 13:43 EDT
Output:
----------------------------------------------------------
=== hasher tests ===

[PASS] hashBytes: empty input matches known SHA-256
[PASS] hashBytes: 'hello' matches known SHA-256
[PASS] hashFile and hashBytes agree on same data
[PASS] hashFile is deterministic
[PASS] hashBytes: different inputs produce different hashes
[PASS] hashFile throws on missing file

6 passed, 0 failed
<end of output>
Test time =   0.04 sec
----------------------------------------------------------
Test Passed.
"test_hasher" end time: Apr 21 13:43 EDT
"test_hasher" time elapsed: 00:00:00
----------------------------------------------------------

2/7 Testing: test_utils
2/7 Test: test_utils
Command: "/mnt/c/Code/Music-Version-Control/build-coverage/test_utils"
Directory: /mnt/c/Code/Music-Version-Control/build-coverage
"test_utils" start time: Apr 21 13:43 EDT
Output:
----------------------------------------------------------
=== utils tests ===

[PASS] readFileBinary: returns correct contents
[PASS] readFileBinary: preserves binary data including null and high bytes
[PASS] readFileBinary: empty file returns empty vector
[PASS] readFileBinary: throws on missing file
[PASS] writeFileAtomic: written contents match input
[PASS] writeFileAtomic: no .tmp file left behind after write
[PASS] writeFileAtomic: overwrites existing file correctly
[PASS] writeFileAtomic + readFileBinary round-trip preserves binary data
[PASS] formatTimestamp: produces correct format for known value
[PASS] formatTimestamp: result is always 19 characters
[PASS] formatTimestamp: separators are in correct positions
[PASS] hexToBytes: converts known hex string correctly
[PASS] hexToBytes: handles uppercase hex characters
[PASS] hexToBytes: empty string returns empty vector
[PASS] hexToBytes: throws on odd-length string
[PASS] hexToBytes: throws on non-hex characters
[PASS] hexToBytes + toHexString round-trip is lossless
[PASS] toHexString: produces correct hex for known bytes
[PASS] toHexString: zero byte is padded to two characters
[PASS] toHexString: 0xFF bytes produce 'ffff'

20 passed, 0 failed
<end of output>
Test time =   0.04 sec
----------------------------------------------------------
Test Passed.
"test_utils" end time: Apr 21 13:43 EDT
"test_utils" time elapsed: 00:00:00
----------------------------------------------------------

3/7 Testing: test_object_store
3/7 Test: test_object_store
Command: "/mnt/c/Code/Music-Version-Control/build-coverage/test_object_store"
Directory: /mnt/c/Code/Music-Version-Control/build-coverage
"test_object_store" start time: Apr 21 13:43 EDT
Output:
----------------------------------------------------------
=== object_store tests ===

[PASS] objectPath: produces correct directory structure
[PASS] objectPath: throws on hash shorter than 4 characters
[PASS] objectPath: throws on empty hash
[PASS] exists: returns false when object is not in store
[PASS] exists: returns true after object is stored
[PASS] storeFromFile: returned hash matches hashFile output
[PASS] storeFromFile: object file exists at expected path
[PASS] storeFromFile: identical content produces same hash
[PASS] storeFromFile: identical content stored only once
[PASS] storeFromFile: different content produces different hashes
[PASS] storeFromFile: binary content is preserved exactly
[PASS] storeFromFile: throws when source file does not exist
[PASS] storeFromFile: sharded subdirectory is created
[PASS] retrieveToFile: retrieved content matches original
[PASS] retrieveToFile: binary content round-trip is lossless
[PASS] retrieveToFile: throws when hash does not exist in store
[PASS] retrieveToFile: overwrites existing file at destination
[PASS] retrieveToFile: no .tmp file left behind

18 passed, 0 failed
<end of output>
Test time =   0.05 sec
----------------------------------------------------------
Test Passed.
"test_object_store" end time: Apr 21 13:43 EDT
"test_object_store" time elapsed: 00:00:00
----------------------------------------------------------

4/7 Testing: test_commit
4/7 Test: test_commit
Command: "/mnt/c/Code/Music-Version-Control/build-coverage/test_commit"
Directory: /mnt/c/Code/Music-Version-Control/build-coverage
"test_commit" start time: Apr 21 13:43 EDT
Output:
----------------------------------------------------------
=== commit tests ===

[PASS] serializeCommit: returns non-empty byte vector
[PASS] serializeCommit: output contains parentHash
[PASS] serializeCommit: output contains blobHash
[PASS] serializeCommit: output contains message
[PASS] serializeCommit: output does not contain the commit's own hash
[PASS] serializeCommit: same commit produces identical output each time
[PASS] serializeCommit: different commits produce different output
[PASS] serializeCommit: handles empty parentHash without throwing
[PASS] deserializeCommit: parentHash survives round-trip
[PASS] deserializeCommit: blobHash survives round-trip
[PASS] deserializeCommit: message survives round-trip
[PASS] deserializeCommit: timestamp survives round-trip
[PASS] deserializeCommit: hash field is empty after deserialization
[PASS] deserializeCommit: empty parentHash round-trips correctly
[PASS] deserializeCommit: throws on empty input
[PASS] deserializeCommit: throws on corrupt data
[PASS] deserializeCommit: message with special characters round-trips correctly

17 passed, 0 failed
<end of output>
Test time =   0.04 sec
----------------------------------------------------------
Test Passed.
"test_commit" end time: Apr 21 13:43 EDT
"test_commit" time elapsed: 00:00:00
----------------------------------------------------------

5/7 Testing: test_index
5/7 Test: test_index
Command: "/mnt/c/Code/Music-Version-Control/build-coverage/test_index"
Directory: /mnt/c/Code/Music-Version-Control/build-coverage
"test_index" start time: Apr 21 13:43 EDT
Output:
----------------------------------------------------------
=== index tests ===

[PASS] getStagedHash: returns empty string when index file does not exist
[PASS] getStagedHash: returns empty string after clear
[PASS] stage: staged hash can be retrieved with getStagedHash
[PASS] stage: staging a second hash overwrites the first
[PASS] stage: index file exists after staging
[PASS] stage: hash is stored and retrieved without modification
[PASS] clear: index file is removed
[PASS] clear: does not throw when index file does not exist
[PASS] clear: can stage a new hash after clearing
[PASS] hasStaged: returns false when nothing is staged
[PASS] hasStaged: returns true after staging a hash
[PASS] hasStaged: returns false after clearing
[PASS] round-trip: first hash correct
[PASS] round-trip: second hash correct
[PASS] round-trip: empty after clear
[PASS] round-trip: can stage again after clear

16 passed, 0 failed
<end of output>
Test time =   0.05 sec
----------------------------------------------------------
Test Passed.
"test_index" end time: Apr 21 13:43 EDT
"test_index" time elapsed: 00:00:00
----------------------------------------------------------

6/7 Testing: test_repository
6/7 Test: test_repository
Command: "/mnt/c/Code/Music-Version-Control/build-coverage/test_repository"
Directory: /mnt/c/Code/Music-Version-Control/build-coverage
"test_repository" start time: Apr 21 13:43 EDT
Output:
----------------------------------------------------------
=== repository tests ===

Initialized empty repository at /tmp/bvcs_repo_test
[PASS] init: .bvcs directory is created
Initialized empty repository at /tmp/bvcs_repo_test
[PASS] init: .bvcs/objects directory is created
Initialized empty repository at /tmp/bvcs_repo_test
[PASS] init: .bvcs/refs/heads directory is created
Initialized empty repository at /tmp/bvcs_repo_test
[PASS] init: .bvcs/HEAD file is created
Initialized empty repository at /tmp/bvcs_repo_test
[PASS] init: throws if repository already exists
[PASS] isInitialized: returns false before init
Initialized empty repository at /tmp/bvcs_repo_test
[PASS] isInitialized: returns true after init
[PASS] add: throws if repo is not initialized
Initialized empty repository at /tmp/bvcs_repo_test
[PASS] add: throws if file does not exist
Initialized empty repository at /tmp/bvcs_repo_test
Staged test.wav (bb24d903...)
[PASS] add: file hash is staged after add
Initialized empty repository at /tmp/bvcs_repo_test
Staged test.wav (bb24d903...)
[PASS] add: blob is stored in object store
Initialized empty repository at /tmp/bvcs_repo_test
Staged test.wav (bb24d903...)
Staged test.wav (bb24d903...)
[PASS] add: adding same file twice produces the same hash
Initialized empty repository at /tmp/bvcs_repo_test
Staged a.wav (197c7c60...)
warning: replacing previously staged file
Staged b.wav (a67d5f46...)
[PASS] add: different files produce different staged hashes
[PASS] commit: throws if repo is not initialized
Initialized empty repository at /tmp/bvcs_repo_test
[PASS] commit: throws if nothing is staged
Initialized empty repository at /tmp/bvcs_repo_test
Staged test.wav (bb24d903...)
[PASS] commit: throws on empty message
Initialized empty repository at /tmp/bvcs_repo_test
Staged test.wav (bb24d903...)
Committed c8d0c6ad... "initial commit"
[PASS] commit: index is cleared after commit
Initialized empty repository at /tmp/bvcs_repo_test
Staged test.wav (bb24d903...)
Committed c8d0c6ad... "initial commit"
[PASS] commit: HEAD is non-empty after commit
Initialized empty repository at /tmp/bvcs_repo_test
Staged a.wav (80d8f975...)
Committed 67e66500... "first commit"
Staged b.wav (ebfa0159...)
Committed eba092e1... "second commit"
[PASS] commit: successive commits produce different hashes
Initialized empty repository at /tmp/bvcs_repo_test
Staged test.wav (bb24d903...)
Committed c8d0c6ad... "initial commit"
[PASS] commit: commit object exists in object store
[PASS] log: throws if repo is not initialized
Initialized empty repository at /tmp/bvcs_repo_test
No commits yet.
[PASS] log: does not throw on repo with no commits
Initialized empty repository at /tmp/bvcs_repo_test
Staged test.wav (bb24d903...)
Committed c8d0c6ad... "initial commit"
commit c8d0c6ad1703c48c63692f61d3c59186f91244cf48f54b4fa6aec6c3f657c8e6
date:   2026-04-21 13:43:29
        initial commit

[PASS] log: does not throw with commits present
[PASS] checkout: throws if repo is not initialized
Initialized empty repository at /tmp/bvcs_repo_test
[PASS] checkout: throws on unknown hash
Initialized empty repository at /tmp/bvcs_repo_test
Staged test.wav (e8e40a14...)
Committed 7b690ea9... "initial commit"
Checked out 7b690ea9... to /tmp/bvcs_repo_test/restored.wav
[PASS] checkout: restored file matches original contents
Initialized empty repository at /tmp/bvcs_repo_test
Staged test.wav (5606a3f6...)
Committed f83f00bb... "binary commit"
Checked out f83f00bb... to /tmp/bvcs_repo_test/restored.wav
[PASS] checkout: binary file contents are restored exactly
Initialized empty repository at /tmp/bvcs_repo_test
Staged track.wav (095fb6ab...)
Committed b9e5018b... "version one"
Staged track_v2.wav (2dfcfb2b...)
Committed 61e917ce... "version two"
Checked out b9e5018b... to /tmp/bvcs_repo_test/retrieved_v1.wav
[PASS] checkout: can retrieve an earlier version by commit hash
Initialized empty repository at /tmp/bvcs_repo_test
Staged project.wav (d8be5f40...)
Committed 6765a494... "full workflow commit"
Checked out 6765a494... to /tmp/bvcs_repo_test/output.wav
[PASS] full workflow: init -> add -> commit -> checkout produces original file
Initialized empty repository at /tmp/bvcs_repo_test
Staged take_0.wav (0f166118...)
Committed c7c06893... "take 1"
Staged take_1.wav (35954091...)
Committed 9a4b41ad... "take 2"
Staged take_2.wav (478b66c9...)
Committed 549fb940... "take 3"
Checked out c7c06893... to /tmp/bvcs_repo_test/retrieved_0.wav
Checked out 9a4b41ad... to /tmp/bvcs_repo_test/retrieved_1.wav
Checked out 549fb940... to /tmp/bvcs_repo_test/retrieved_2.wav
[PASS] full workflow: all committed versions are independently retrievable

30 passed, 0 failed
<end of output>
Test time =   0.09 sec
----------------------------------------------------------
Test Passed.
"test_repository" end time: Apr 21 13:43 EDT
"test_repository" time elapsed: 00:00:00
----------------------------------------------------------

7/7 Testing: test_main
7/7 Test: test_main
Command: "/mnt/c/Code/Music-Version-Control/build-coverage/test_main" "/mnt/c/Code/Music-Version-Control/build-coverage/bvcs"
Directory: /mnt/c/Code/Music-Version-Control/build-coverage
"test_main" start time: Apr 21 13:43 EDT
Output:
----------------------------------------------------------
=== integration tests (main) ===

[PASS] no args: exits with non-zero code
[PASS] no args: prints usage information
[PASS] findRepoRoot: commands work from a subdirectory of the repo
[PASS] findRepoRoot: returns error when no repo exists
[PASS] init: exits with code 0
[PASS] init: .bvcs directory is created
[PASS] init: exits with non-zero code if already initialized
[PASS] init: error message mentions repository already exists
[PASS] add: exits with code 0 for valid file
[PASS] add: exits with non-zero code when no file given
[PASS] add: exits with non-zero code for missing file
[PASS] add: exits with non-zero code outside a repo
[PASS] commit: exits with code 0 using -m flag
[PASS] commit: exits with code 0 without -m flag
[PASS] commit: exits with non-zero code when nothing is staged
[PASS] commit: exits with non-zero code with no message
[PASS] commit: exits with non-zero code with empty message
[PASS] log: exits with code 0 on repo with no commits
[PASS] log: output contains commit message
[PASS] log: output contains both commit messages
[PASS] checkout: exits with code 0
[PASS] checkout: restored file contains original contents
[PASS] checkout: exits with non-zero code for unknown hash
[PASS] checkout: exits with non-zero code when arguments are missing
[PASS] help: exits with code 0
[PASS] help: output contains command list
[PASS] help commit: exits with code 0
[PASS] help commit: output is specific to commit command
[PASS] unknown command: exits with non-zero code
[PASS] unknown command: output mentions unknown command

30 passed, 0 failed
<end of output>
Test time =   2.15 sec
----------------------------------------------------------
Test Passed.
"test_main" end time: Apr 21 13:43 EDT
"test_main" time elapsed: 00:00:02
----------------------------------------------------------

End testing: Apr 21 13:43 EDT
